<?xml version="1.0" encoding="UTF-8"?>
<!-- Generated by org.testng.reporters.JUnitReportReporter -->
<testsuite hostname="LAPTOP-EDHN918S" failures="0" tests="1" name="ordersAmzn.TC_AMZ_002" time="78.938" errors="0" timestamp="2025-02-08T20:28:58 IST" skipped="0">
  <testcase classname="ordersAmzn.TC_AMZ_002" name="orderphone" time="78.938"/>
</testsuite> <!-- ordersAmzn.TC_AMZ_002 -->
