<?xml version="1.0" encoding="UTF-8"?>
<!-- Generated by org.testng.reporters.JUnitReportReporter -->
<testsuite hostname="LAPTOP-EDHN918S" failures="0" tests="1" name="mobiles_deal.orderlaptops" time="0.049" errors="0" timestamp="2025-01-25T22:27:57 IST" skipped="0">
  <testcase classname="mobiles_deal.orderlaptops" name="orderusinghover" time="0.049"/>
</testsuite> <!-- mobiles_deal.orderlaptops -->
