<?xml version="1.0" encoding="UTF-8"?>
<!-- Generated by org.testng.reporters.JUnitReportReporter -->
<testsuite hostname="LAPTOP-EDHN918S" failures="0" tests="2" name="mobiles_deal.LoginTest" time="43.062" errors="0" timestamp="2025-01-23T22:26:51 IST" skipped="0">
  <testcase classname="mobiles_deal.LoginTest" name="logintest" time="12.002"/>
  <testcase classname="mobiles_deal.LoginTest" name="ordermobilehere" time="31.060"/>
</testsuite> <!-- mobiles_deal.LoginTest -->
