<?xml version="1.0" encoding="UTF-8"?>
<!-- Generated by org.testng.reporters.JUnitReportReporter -->
<testsuite hostname="LAPTOP-EDHN918S" failures="0" tests="1" name="ordersAmzn.TC_AMZ_001" time="17.145" errors="0" timestamp="2025-01-27T22:06:54 IST" skipped="0">
  <testcase classname="ordersAmzn.TC_AMZ_001" name="choclateorder" time="17.145"/>
</testsuite> <!-- ordersAmzn.TC_AMZ_001 -->
