<?xml version="1.0" encoding="UTF-8"?>
<!-- Generated by org.testng.reporters.JUnitReportReporter -->
<testsuite hostname="LAPTOP-EDHN918S" failures="0" tests="2" name="mobiles_deal.LoginTest" time="159.942" errors="0" timestamp="2025-01-27T21:38:49 IST" skipped="0">
  <testcase classname="mobiles_deal.LoginTest" name="validuserlogin" time="89.141"/>
  <testcase classname="mobiles_deal.LoginTest" name="ordermobilehere" time="70.801"/>
</testsuite> <!-- mobiles_deal.LoginTest -->
