<?xml version="1.0" encoding="UTF-8"?>
<!-- Generated by org.testng.reporters.JUnitReportReporter -->
<testsuite hostname="LAPTOP-EDHN918S" failures="0" tests="1" name="mobiles_deal.Actions" time="6.036" errors="0" timestamp="2025-01-23T22:26:51 IST" skipped="0">
  <testcase classname="mobiles_deal.Actions" name="mouseinteractions" time="6.036"/>
</testsuite> <!-- mobiles_deal.Actions -->
